<?xml version="1.0" encoding="UTF-8"?>
<!-- Generated by org.testng.reporters.JUnitReportReporter -->
<testsuite hostname="V00972009" name="example.NewTest" tests="1" failures="0" timestamp="9 Sep 2015 19:00:05 GMT" time="3.432" errors="0">
  <testcase name="testEasy" time="3.432" classname="example.NewTest"/>
</testsuite> <!-- example.NewTest -->
